[0.000000] (-) TimerEvent: {}
[0.000622] (cc_car) JobQueued: {'identifier': 'cc_car', 'dependencies': OrderedDict()}
[0.000665] (cc_car) JobStarted: {'identifier': 'cc_car'}
[0.010630] (cc_car) JobProgress: {'identifier': 'cc_car', 'progress': 'cmake'}
[0.011043] (cc_car) Command: {'cmd': ['/usr/bin/cmake', '/ros2_ws/src/cc_car', '-DAMENT_CMAKE_SYMLINK_INSTALL=1', '-DCMAKE_INSTALL_PREFIX=/ros2_ws/src/cc_car/install/cc_car'], 'cwd': '/ros2_ws/src/cc_car/build/cc_car', 'env': OrderedDict([('HOSTNAME', 'tobias-rogzephyrus'), ('LD_LIBRARY_PATH', '/ros2_ws/install/test_robot_hardware/lib:/ros2_ws/install/ros_controllers/lib:/ros2_ws/install/controller_manager/lib:/ros2_ws/install/controller_interface/lib:/ros2_ws/install/hardware_interface/lib:/ros2_ws/install/controller_parameter_server/lib:/usr/lib/x86_64-linux-gnu/gazebo-11/plugins:/opt/ros/dashing/opt/yaml_cpp_vendor/lib:/opt/ros/dashing/opt/rviz_ogre_vendor/lib:/opt/ros/dashing/lib'), ('SHLVL', '1'), ('HOME', '/root'), ('OLDPWD', '/ros2_ws'), ('ROS_PYTHON_VERSION', '3'), ('COLCON_PREFIX_PATH', '/ros2_ws/install'), ('ROS_DISTRO', 'dashing'), ('_', '/usr/bin/colcon'), ('ROS_VERSION', '2'), ('TERM', 'alacritty'), ('QT_X11_NO_MITSHM', '1'), ('PATH', '/opt/ros/dashing/bin:/usr/local/sbin:/usr/local/bin:/usr/sbin:/usr/bin:/sbin:/bin'), ('DISPLAY', ':0'), ('LANG', 'C.UTF-8'), ('LS_COLORS', ''), ('XAUTHORITY', '/tmp/.dockerrfe8mw4k.xauth'), ('AMENT_PREFIX_PATH', '/ros2_ws/install/test_robot_hardware:/ros2_ws/install/rplidar_ros:/ros2_ws/install/ros_controllers:/ros2_ws/install/ros2_control:/ros2_ws/install/controller_manager:/ros2_ws/install/controller_interface:/ros2_ws/install/hardware_interface:/ros2_ws/install/controller_parameter_server:/opt/ros/dashing'), ('LC_ALL', 'C.UTF-8'), ('PWD', '/ros2_ws/src/cc_car/build/cc_car'), ('PYTHONPATH', '/opt/ros/dashing/lib/python3.6/site-packages'), ('COLCON', '1'), ('CMAKE_PREFIX_PATH', '/ros2_ws/install/test_robot_hardware:/ros2_ws/install/rplidar_ros:/ros2_ws/install/ros_controllers:/ros2_ws/install/ros2_control:/ros2_ws/install/controller_manager:/ros2_ws/install/controller_interface:/ros2_ws/install/hardware_interface:/ros2_ws/install/controller_parameter_server:/opt/ros/dashing')]), 'shell': False}
[0.060435] (cc_car) StdoutLine: {'line': b'-- The C compiler identification is GNU 7.5.0\n'}
[0.099428] (-) TimerEvent: {}
[0.100865] (cc_car) StdoutLine: {'line': b'-- The CXX compiler identification is GNU 7.5.0\n'}
[0.103525] (cc_car) StdoutLine: {'line': b'-- Check for working C compiler: /usr/bin/cc\n'}
[0.168136] (cc_car) StdoutLine: {'line': b'-- Check for working C compiler: /usr/bin/cc -- works\n'}
[0.168433] (cc_car) StdoutLine: {'line': b'-- Detecting C compiler ABI info\n'}
[0.199579] (-) TimerEvent: {}
[0.232813] (cc_car) StdoutLine: {'line': b'-- Detecting C compiler ABI info - done\n'}
[0.235661] (cc_car) StdoutLine: {'line': b'-- Detecting C compile features\n'}
[0.299700] (-) TimerEvent: {}
[0.400023] (-) TimerEvent: {}
[0.427736] (cc_car) StdoutLine: {'line': b'-- Detecting C compile features - done\n'}
[0.429112] (cc_car) StdoutLine: {'line': b'-- Check for working CXX compiler: /usr/bin/c++\n'}
[0.500143] (-) TimerEvent: {}
[0.500758] (cc_car) StdoutLine: {'line': b'-- Check for working CXX compiler: /usr/bin/c++ -- works\n'}
[0.501121] (cc_car) StdoutLine: {'line': b'-- Detecting CXX compiler ABI info\n'}
[0.573494] (cc_car) StdoutLine: {'line': b'-- Detecting CXX compiler ABI info - done\n'}
[0.576260] (cc_car) StdoutLine: {'line': b'-- Detecting CXX compile features\n'}
[0.600252] (-) TimerEvent: {}
[0.700529] (-) TimerEvent: {}
[0.800818] (-) TimerEvent: {}
[0.876445] (cc_car) StdoutLine: {'line': b'-- Detecting CXX compile features - done\n'}
[0.879662] (cc_car) StdoutLine: {'line': b'-- Found ament_cmake: 0.7.6 (/opt/ros/dashing/share/ament_cmake/cmake)\n'}
[0.901181] (-) TimerEvent: {}
[0.901833] (cc_car) StdoutLine: {'line': b'-- Found PythonInterp: /usr/bin/python3 (found suitable version "3.6.9", minimum required is "3") \n'}
[0.901986] (cc_car) StdoutLine: {'line': b'-- Using PYTHON_EXECUTABLE: /usr/bin/python3\n'}
[1.001497] (-) TimerEvent: {}
[1.008155] (cc_car) StdoutLine: {'line': b'-- Override CMake install command with custom implementation using symlinks instead of copying resources\n'}
[1.038101] (cc_car) StdoutLine: {'line': b'-- Found rclcpp: 0.7.16 (/opt/ros/dashing/share/rclcpp/cmake)\n'}
[1.061609] (cc_car) StdoutLine: {'line': b'-- Found rosidl_adapter: 0.7.10 (/opt/ros/dashing/share/rosidl_adapter/cmake)\n'}
[1.098198] (cc_car) StdoutLine: {'line': b'-- Found rmw_implementation_cmake: 0.7.2 (/opt/ros/dashing/share/rmw_implementation_cmake/cmake)\n'}
[1.099294] (cc_car) StdoutLine: {'line': b"-- Using RMW implementation 'rmw_fastrtps_cpp' as default\n"}
[1.099906] (cc_car) StdoutLine: {'line': b'-- Looking for pthread.h\n'}
[1.101584] (-) TimerEvent: {}
[1.167575] (cc_car) StdoutLine: {'line': b'-- Looking for pthread.h - found\n'}
[1.167891] (cc_car) StdoutLine: {'line': b'-- Looking for pthread_create\n'}
[1.201717] (-) TimerEvent: {}
[1.236610] (cc_car) StdoutLine: {'line': b'-- Looking for pthread_create - not found\n'}
[1.236833] (cc_car) StdoutLine: {'line': b'-- Looking for pthread_create in pthreads\n'}
[1.295116] (cc_car) StdoutLine: {'line': b'-- Looking for pthread_create in pthreads - not found\n'}
[1.295285] (cc_car) StdoutLine: {'line': b'-- Looking for pthread_create in pthread\n'}
[1.301813] (-) TimerEvent: {}
[1.359589] (cc_car) StdoutLine: {'line': b'-- Looking for pthread_create in pthread - found\n'}
[1.360249] (cc_car) StdoutLine: {'line': b'-- Found Threads: TRUE  \n'}
[1.388157] (cc_car) StdoutLine: {'line': b'-- Found geometry_msgs: 0.7.1 (/opt/ros/dashing/share/geometry_msgs/cmake)\n'}
[1.401911] (-) TimerEvent: {}
[1.406290] (cc_car) StdoutLine: {'line': b'-- Found ament_lint_auto: 0.7.12 (/opt/ros/dashing/share/ament_lint_auto/cmake)\n'}
[1.475532] (cc_car) StdoutLine: {'line': b"-- Added test 'copyright' to check for copyright in CMake / C / C++ / Python code\n"}
[1.479758] (cc_car) StdoutLine: {'line': b"-- Added test 'cppcheck' to perform static code analysis on C / C++ code\n"}
[1.480009] (cc_car) StdoutLine: {'line': b'-- Configured cppcheck include dirs: \n'}
[1.484257] (cc_car) StdoutLine: {'line': b"-- Added test 'cpplint' to check C / C++ code against the Google style\n"}
[1.486099] (cc_car) StdoutLine: {'line': b"-- Added test 'lint_cmake' to check CMake code style\n"}
[1.490942] (cc_car) StdoutLine: {'line': b"-- Added test 'uncrustify' to check C / C++ code style\n"}
[1.491740] (cc_car) StdoutLine: {'line': b"-- Added test 'xmllint' to check XML markup files\n"}
[1.494321] (cc_car) StdoutLine: {'line': b'-- Configuring done\n'}
[1.502006] (-) TimerEvent: {}
[1.504619] (cc_car) StdoutLine: {'line': b'-- Generating done\n'}
[1.506082] (cc_car) StdoutLine: {'line': b'-- Build files have been written to: /ros2_ws/src/cc_car/build/cc_car\n'}
[1.509746] (cc_car) CommandEnded: {'returncode': 0}
[1.510233] (cc_car) JobProgress: {'identifier': 'cc_car', 'progress': 'build'}
[1.510986] (cc_car) Command: {'cmd': ['/usr/bin/cmake', '--build', '/ros2_ws/src/cc_car/build/cc_car', '--', '-j16', '-l16'], 'cwd': '/ros2_ws/src/cc_car/build/cc_car', 'env': OrderedDict([('HOSTNAME', 'tobias-rogzephyrus'), ('LD_LIBRARY_PATH', '/ros2_ws/install/test_robot_hardware/lib:/ros2_ws/install/ros_controllers/lib:/ros2_ws/install/controller_manager/lib:/ros2_ws/install/controller_interface/lib:/ros2_ws/install/hardware_interface/lib:/ros2_ws/install/controller_parameter_server/lib:/usr/lib/x86_64-linux-gnu/gazebo-11/plugins:/opt/ros/dashing/opt/yaml_cpp_vendor/lib:/opt/ros/dashing/opt/rviz_ogre_vendor/lib:/opt/ros/dashing/lib'), ('SHLVL', '1'), ('HOME', '/root'), ('OLDPWD', '/ros2_ws'), ('ROS_PYTHON_VERSION', '3'), ('COLCON_PREFIX_PATH', '/ros2_ws/install'), ('ROS_DISTRO', 'dashing'), ('_', '/usr/bin/colcon'), ('ROS_VERSION', '2'), ('TERM', 'alacritty'), ('QT_X11_NO_MITSHM', '1'), ('PATH', '/opt/ros/dashing/bin:/usr/local/sbin:/usr/local/bin:/usr/sbin:/usr/bin:/sbin:/bin'), ('DISPLAY', ':0'), ('LANG', 'C.UTF-8'), ('LS_COLORS', ''), ('XAUTHORITY', '/tmp/.dockerrfe8mw4k.xauth'), ('AMENT_PREFIX_PATH', '/ros2_ws/install/test_robot_hardware:/ros2_ws/install/rplidar_ros:/ros2_ws/install/ros_controllers:/ros2_ws/install/ros2_control:/ros2_ws/install/controller_manager:/ros2_ws/install/controller_interface:/ros2_ws/install/hardware_interface:/ros2_ws/install/controller_parameter_server:/opt/ros/dashing'), ('LC_ALL', 'C.UTF-8'), ('PWD', '/ros2_ws/src/cc_car/build/cc_car'), ('PYTHONPATH', '/opt/ros/dashing/lib/python3.6/site-packages'), ('COLCON', '1'), ('CMAKE_PREFIX_PATH', '/ros2_ws/install/test_robot_hardware:/ros2_ws/install/rplidar_ros:/ros2_ws/install/ros_controllers:/ros2_ws/install/ros2_control:/ros2_ws/install/controller_manager:/ros2_ws/install/controller_interface:/ros2_ws/install/hardware_interface:/ros2_ws/install/controller_parameter_server:/opt/ros/dashing')]), 'shell': False}
[1.553392] (cc_car) StdoutLine: {'line': b'Scanning dependencies of target cc_car\n'}
[1.580166] (cc_car) StdoutLine: {'line': b'[ 50%] Building CXX object CMakeFiles/cc_car.dir/src/cc_car.cpp.o\n'}
[1.602125] (-) TimerEvent: {}
[1.631719] (cc_car) StderrLine: {'line': b'\x1b[01m\x1b[K/ros2_ws/src/cc_car/src/cc_car.cpp:19:10:\x1b[m\x1b[K \x1b[01;31m\x1b[Kfatal error: \x1b[m\x1b[Kgeometry_msgs/msg/Twist.hpp: No such file or directory\n'}
[1.631926] (cc_car) StderrLine: {'line': b' #include \x1b[01;31m\x1b[K"geometry_msgs/msg/Twist.hpp"\x1b[m\x1b[K\n'}
[1.632002] (cc_car) StderrLine: {'line': b'          \x1b[01;31m\x1b[K^~~~~~~~~~~~~~~~~~~~~~~~~~~~~\x1b[m\x1b[K\n'}
[1.632067] (cc_car) StderrLine: {'line': b'compilation terminated.\n'}
[1.633180] (cc_car) StdoutLine: {'line': b"CMakeFiles/cc_car.dir/build.make:62: recipe for target 'CMakeFiles/cc_car.dir/src/cc_car.cpp.o' failed\n"}
[1.633373] (cc_car) StderrLine: {'line': b'make[2]: *** [CMakeFiles/cc_car.dir/src/cc_car.cpp.o] Error 1\n'}
[1.633520] (cc_car) StderrLine: {'line': b'make[1]: *** [CMakeFiles/cc_car.dir/all] Error 2\n'}
[1.633637] (cc_car) StdoutLine: {'line': b"CMakeFiles/Makefile2:67: recipe for target 'CMakeFiles/cc_car.dir/all' failed\n"}
[1.633832] (cc_car) StderrLine: {'line': b'make: *** [all] Error 2\n'}
[1.633920] (cc_car) StdoutLine: {'line': b"Makefile:140: recipe for target 'all' failed\n"}
[1.635769] (cc_car) CommandEnded: {'returncode': 2}
[1.674026] (cc_car) JobEnded: {'identifier': 'cc_car', 'rc': 2}
[1.686303] (-) EventReactorShutdown: {}
