[0.013s] Invoking command in '/ros2_ws/src/cc_car/build/cc_car': CMAKE_PREFIX_PATH=${CMAKE_PREFIX_PATH}:/opt/ros/dashing /usr/bin/cmake /ros2_ws/src/cc_car -DAMENT_CMAKE_SYMLINK_INSTALL=1 -DCMAKE_INSTALL_PREFIX=/ros2_ws/src/cc_car/install/cc_car
[0.060s] -- The C compiler identification is GNU 7.5.0
[0.100s] -- The CXX compiler identification is GNU 7.5.0
[0.103s] -- Check for working C compiler: /usr/bin/cc
[0.168s] -- Check for working C compiler: /usr/bin/cc -- works
[0.168s] -- Detecting C compiler ABI info
[0.232s] -- Detecting C compiler ABI info - done
[0.235s] -- Detecting C compile features
[0.427s] -- Detecting C compile features - done
[0.428s] -- Check for working CXX compiler: /usr/bin/c++
[0.500s] -- Check for working CXX compiler: /usr/bin/c++ -- works
[0.501s] -- Detecting CXX compiler ABI info
[0.573s] -- Detecting CXX compiler ABI info - done
[0.576s] -- Detecting CXX compile features
[0.876s] -- Detecting CXX compile features - done
[0.879s] -- Found ament_cmake: 0.7.6 (/opt/ros/dashing/share/ament_cmake/cmake)
[0.901s] -- Found PythonInterp: /usr/bin/python3 (found suitable version "3.6.9", minimum required is "3") 
[0.901s] -- Using PYTHON_EXECUTABLE: /usr/bin/python3
[1.008s] -- Override CMake install command with custom implementation using symlinks instead of copying resources
[1.038s] -- Found rclcpp: 0.7.16 (/opt/ros/dashing/share/rclcpp/cmake)
[1.061s] -- Found rosidl_adapter: 0.7.10 (/opt/ros/dashing/share/rosidl_adapter/cmake)
[1.098s] -- Found rmw_implementation_cmake: 0.7.2 (/opt/ros/dashing/share/rmw_implementation_cmake/cmake)
[1.099s] -- Using RMW implementation 'rmw_fastrtps_cpp' as default
[1.099s] -- Looking for pthread.h
[1.167s] -- Looking for pthread.h - found
[1.167s] -- Looking for pthread_create
[1.236s] -- Looking for pthread_create - not found
[1.236s] -- Looking for pthread_create in pthreads
[1.295s] -- Looking for pthread_create in pthreads - not found
[1.295s] -- Looking for pthread_create in pthread
[1.359s] -- Looking for pthread_create in pthread - found
[1.360s] -- Found Threads: TRUE  
[1.388s] -- Found geometry_msgs: 0.7.1 (/opt/ros/dashing/share/geometry_msgs/cmake)
[1.406s] -- Found ament_lint_auto: 0.7.12 (/opt/ros/dashing/share/ament_lint_auto/cmake)
[1.475s] -- Added test 'copyright' to check for copyright in CMake / C / C++ / Python code
[1.479s] -- Added test 'cppcheck' to perform static code analysis on C / C++ code
[1.479s] -- Configured cppcheck include dirs: 
[1.484s] -- Added test 'cpplint' to check C / C++ code against the Google style
[1.485s] -- Added test 'lint_cmake' to check CMake code style
[1.490s] -- Added test 'uncrustify' to check C / C++ code style
[1.491s] -- Added test 'xmllint' to check XML markup files
[1.494s] -- Configuring done
[1.504s] -- Generating done
[1.505s] -- Build files have been written to: /ros2_ws/src/cc_car/build/cc_car
[1.509s] Invoked command in '/ros2_ws/src/cc_car/build/cc_car' returned '0': CMAKE_PREFIX_PATH=${CMAKE_PREFIX_PATH}:/opt/ros/dashing /usr/bin/cmake /ros2_ws/src/cc_car -DAMENT_CMAKE_SYMLINK_INSTALL=1 -DCMAKE_INSTALL_PREFIX=/ros2_ws/src/cc_car/install/cc_car
[1.512s] Invoking command in '/ros2_ws/src/cc_car/build/cc_car': CMAKE_PREFIX_PATH=${CMAKE_PREFIX_PATH}:/opt/ros/dashing /usr/bin/cmake --build /ros2_ws/src/cc_car/build/cc_car -- -j16 -l16
[1.553s] Scanning dependencies of target cc_car
[1.580s] [ 50%] Building CXX object CMakeFiles/cc_car.dir/src/cc_car.cpp.o
[1.631s] [01m[K/ros2_ws/src/cc_car/src/cc_car.cpp:19:10:[m[K [01;31m[Kfatal error: [m[Kgeometry_msgs/msg/Twist.hpp: No such file or directory
[1.631s]  #include [01;31m[K"geometry_msgs/msg/Twist.hpp"[m[K
[1.631s]           [01;31m[K^~~~~~~~~~~~~~~~~~~~~~~~~~~~~[m[K
[1.631s] compilation terminated.
[1.633s] CMakeFiles/cc_car.dir/build.make:62: recipe for target 'CMakeFiles/cc_car.dir/src/cc_car.cpp.o' failed
[1.633s] make[2]: *** [CMakeFiles/cc_car.dir/src/cc_car.cpp.o] Error 1
[1.633s] make[1]: *** [CMakeFiles/cc_car.dir/all] Error 2
[1.633s] CMakeFiles/Makefile2:67: recipe for target 'CMakeFiles/cc_car.dir/all' failed
[1.633s] make: *** [all] Error 2
[1.633s] Makefile:140: recipe for target 'all' failed
[1.635s] Invoked command in '/ros2_ws/src/cc_car/build/cc_car' returned '2': CMAKE_PREFIX_PATH=${CMAKE_PREFIX_PATH}:/opt/ros/dashing /usr/bin/cmake --build /ros2_ws/src/cc_car/build/cc_car -- -j16 -l16
